# JRE version: OpenJDK Runtime Environment (8.0_202-b03) (build 1.8.0_202-release-1483-b03)
# Java VM: OpenJDK 64-Bit Server VM (25.202-b03 mixed mode windows-amd64 compressed oops)
Heap:
 PSYoungGen      total 164352K, used 120341K [0x00000000e0000000, 0x00000000ef000000, 0x0000000100000000)
  eden space 153088K, 71% used [0x00000000e0000000,0x00000000e6a88ef8,0x00000000e9580000)
  from space 11264K, 99% used [0x00000000e9580000,0x00000000ea07c7f8,0x00000000ea080000)
  to   space 15360K, 0% used [0x00000000ee100000,0x00000000ee100000,0x00000000ef000000)
 ParOldGen       total 50176K, used 23807K [0x00000000a0000000, 0x00000000a3100000, 0x00000000e0000000)
  object space 50176K, 47% used [0x00000000a0000000,0x00000000a173ffd8,0x00000000a3100000)
 Metaspace       used 56103K, capacity 57710K, committed 57856K, reserved 1099776K
  class space    used 7628K, capacity 8067K, committed 8192K, reserved 1048576K
GC Heap History (10 events):
Event: 10.648 GC heap before
{Heap before GC invocations=9 (full 1):
 PSYoungGen      total 73728K, used 65024K [0x00000000e0000000, 0x00000000e8f00000, 0x0000000100000000)
  eden space 65024K, 100% used [0x00000000e0000000,0x00000000e3f80000,0x00000000e3f80000)
  from space 8704K, 0% used [0x00000000e3f80000,0x00000000e3f80000,0x00000000e4800000)
  to   space 8192K, 0% used [0x00000000e8700000,0x00000000e8700000,0x00000000e8f00000)
 ParOldGen       total 36864K, used 10973K [0x00000000a0000000, 0x00000000a2400000, 0x00000000e0000000)
  object space 36864K, 29% used [0x00000000a0000000,0x00000000a0ab7690,0x00000000a2400000)
 Metaspace       used 28932K, capacity 29486K, committed 29696K, reserved 1075200K
  class space    used 3901K, capacity 4096K, committed 4096K, reserved 1048576K
Event: 10.664 GC heap after
Heap after GC invocations=9 (full 1):
 PSYoungGen      total 118272K, used 8072K [0x00000000e0000000, 0x00000000e8f00000, 0x0000000100000000)
  eden space 110080K, 0% used [0x00000000e0000000,0x00000000e0000000,0x00000000e6b80000)
  from space 8192K, 98% used [0x00000000e8700000,0x00000000e8ee2350,0x00000000e8f00000)
  to   space 9216K, 0% used [0x00000000e7d00000,0x00000000e7d00000,0x00000000e8600000)
 ParOldGen       total 36864K, used 10981K [0x00000000a0000000, 0x00000000a2400000, 0x00000000e0000000)
  object space 36864K, 29% used [0x00000000a0000000,0x00000000a0ab9690,0x00000000a2400000)
 Metaspace       used 28932K, capacity 29486K, committed 29696K, reserved 1075200K
  class space    used 3901K, capacity 4096K, committed 4096K, reserved 1048576K
}
Event: 15.171 GC heap before
{Heap before GC invocations=10 (full 1):
 PSYoungGen      total 118272K, used 118152K [0x00000000e0000000, 0x00000000e8f00000, 0x0000000100000000)
  eden space 110080K, 100% used [0x00000000e0000000,0x00000000e6b80000,0x00000000e6b80000)
  from space 8192K, 98% used [0x00000000e8700000,0x00000000e8ee2350,0x00000000e8f00000)
  to   space 9216K, 0% used [0x00000000e7d00000,0x00000000e7d00000,0x00000000e8600000)
 ParOldGen       total 36864K, used 10981K [0x00000000a0000000, 0x00000000a2400000, 0x00000000e0000000)
  object space 36864K, 29% used [0x00000000a0000000,0x00000000a0ab9690,0x00000000a2400000)
 Metaspace       used 34301K, capacity 34974K, committed 35200K, reserved 1079296K
  class space    used 4715K, capacity 4912K, committed 4992K, reserved 1048576K
Event: 15.197 GC heap after
Heap after GC invocations=10 (full 1):
 PSYoungGen      total 137216K, used 9210K [0x00000000e0000000, 0x00000000eac00000, 0x0000000100000000)
  eden space 128000K, 0% used [0x00000000e0000000,0x00000000e0000000,0x00000000e7d00000)
  from space 9216K, 99% used [0x00000000e7d00000,0x00000000e85feaf8,0x00000000e8600000)
  to   space 11776K, 0% used [0x00000000ea080000,0x00000000ea080000,0x00000000eac00000)
 ParOldGen       total 36864K, used 14775K [0x00000000a0000000, 0x00000000a2400000, 0x00000000e0000000)
  object space 36864K, 40% used [0x00000000a0000000,0x00000000a0e6dfa8,0x00000000a2400000)
 Metaspace       used 34301K, capacity 34974K, committed 35200K, reserved 1079296K
  class space    used 4715K, capacity 4912K, committed 4992K, reserved 1048576K
}
Event: 15.686 GC heap before
{Heap before GC invocations=11 (full 1):
 PSYoungGen      total 137216K, used 23079K [0x00000000e0000000, 0x00000000eac00000, 0x0000000100000000)
  eden space 128000K, 10% used [0x00000000e0000000,0x00000000e0d8b278,0x00000000e7d00000)
  from space 9216K, 99% used [0x00000000e7d00000,0x00000000e85feaf8,0x00000000e8600000)
  to   space 11776K, 0% used [0x00000000ea080000,0x00000000ea080000,0x00000000eac00000)
 ParOldGen       total 36864K, used 14775K [0x00000000a0000000, 0x00000000a2400000, 0x00000000e0000000)
  object space 36864K, 40% used [0x00000000a0000000,0x00000000a0e6dfa8,0x00000000a2400000)
 Metaspace       used 34684K, capacity 35392K, committed 35456K, reserved 1079296K
  class space    used 4777K, capacity 4984K, committed 4992K, reserved 1048576K
Event: 15.720 GC heap after
Heap after GC invocations=11 (full 1):
 PSYoungGen      total 164864K, used 5982K [0x00000000e0000000, 0x00000000ec980000, 0x0000000100000000)
  eden space 153088K, 0% used [0x00000000e0000000,0x00000000e0000000,0x00000000e9580000)
  from space 11776K, 50% used [0x00000000ea080000,0x00000000ea657bd0,0x00000000eac00000)
  to   space 11264K, 0% used [0x00000000e9580000,0x00000000e9580000,0x00000000ea080000)
 ParOldGen       total 36864K, used 17967K [0x00000000a0000000, 0x00000000a2400000, 0x00000000e0000000)
  object space 36864K, 48% used [0x00000000a0000000,0x00000000a118bfb8,0x00000000a2400000)
 Metaspace       used 34684K, capacity 35392K, committed 35456K, reserved 1079296K
  class space    used 4777K, capacity 4984K, committed 4992K, reserved 1048576K
}
Event: 15.720 GC heap before
{Heap before GC invocations=12 (full 2):
 PSYoungGen      total 164864K, used 5982K [0x00000000e0000000, 0x00000000ec980000, 0x0000000100000000)
  eden space 153088K, 0% used [0x00000000e0000000,0x00000000e0000000,0x00000000e9580000)
  from space 11776K, 50% used [0x00000000ea080000,0x00000000ea657bd0,0x00000000eac00000)
  to   space 11264K, 0% used [0x00000000e9580000,0x00000000e9580000,0x00000000ea080000)
 ParOldGen       total 36864K, used 17967K [0x00000000a0000000, 0x00000000a2400000, 0x00000000e0000000)
  object space 36864K, 48% used [0x00000000a0000000,0x00000000a118bfb8,0x00000000a2400000)
 Metaspace       used 34684K, capacity 35392K, committed 35456K, reserved 1079296K
  class space    used 4777K, capacity 4984K, committed 4992K, reserved 1048576K
Event: 15.875 GC heap after
Heap after GC invocations=12 (full 2):
 PSYoungGen      total 164864K, used 0K [0x00000000e0000000, 0x00000000ec980000, 0x0000000100000000)
  eden space 153088K, 0% used [0x00000000e0000000,0x00000000e0000000,0x00000000e9580000)
  from space 11776K, 0% used [0x00000000ea080000,0x00000000ea080000,0x00000000eac00000)
  to   space 11264K, 0% used [0x00000000e9580000,0x00000000e9580000,0x00000000ea080000)
 ParOldGen       total 50176K, used 16193K [0x00000000a0000000, 0x00000000a3100000, 0x00000000e0000000)
  object space 50176K, 32% used [0x00000000a0000000,0x00000000a0fd06e0,0x00000000a3100000)
 Metaspace       used 34684K, capacity 35392K, committed 35456K, reserved 1079296K
  class space    used 4777K, capacity 4984K, committed 4992K, reserved 1048576K
}
Event: 24.545 GC heap before
{Heap before GC invocations=13 (full 2):
 PSYoungGen      total 164864K, used 153088K [0x00000000e0000000, 0x00000000ec980000, 0x0000000100000000)
  eden space 153088K, 100% used [0x00000000e0000000,0x00000000e9580000,0x00000000e9580000)
  from space 11776K, 0% used [0x00000000ea080000,0x00000000ea080000,0x00000000eac00000)
  to   space 11264K, 0% used [0x00000000e9580000,0x00000000e9580000,0x00000000ea080000)
 ParOldGen       total 50176K, used 16193K [0x00000000a0000000, 0x00000000a3100000, 0x00000000e0000000)
  object space 50176K, 32% used [0x00000000a0000000,0x00000000a0fd06e0,0x00000000a3100000)
 Metaspace       used 48760K, capacity 50050K, committed 50304K, reserved 1093632K
  class space    used 6589K, capacity 6962K, committed 7040K, reserved 1048576K
Event: 24.855 GC heap after
Heap after GC invocations=13 (full 2):
 PSYoungGen      total 164352K, used 11249K [0x00000000e0000000, 0x00000000ef000000, 0x0000000100000000)
  eden space 153088K, 0% used [0x00000000e0000000,0x00000000e0000000,0x00000000e9580000)
  from space 11264K, 99% used [0x00000000e9580000,0x00000000ea07c7f8,0x00000000ea080000)
  to   space 15360K, 0% used [0x00000000ee100000,0x00000000ee100000,0x00000000ef000000)
 ParOldGen       total 50176K, used 23807K [0x00000000a0000000, 0x00000000a3100000, 0x00000000e0000000)
  object space 50176K, 47% used [0x00000000a0000000,0x00000000a173ffd8,0x00000000a3100000)
 Metaspace       used 48760K, capacity 50050K, committed 50304K, reserved 1093632K
  class space    used 6589K, capacity 6962K, committed 7040K, reserved 1048576K
}

