# JRE version: OpenJDK Runtime Environment (8.0_202-b03) (build 1.8.0_202-release-1483-b03)
# Java VM: OpenJDK 64-Bit Server VM (25.202-b03 mixed mode windows-amd64 compressed oops)
Heap:
 PSYoungGen      total 82432K, used 47210K [0x00000000e0000000, 0x00000000e5800000, 0x0000000100000000)
  eden space 76800K, 55% used [0x00000000e0000000,0x00000000e29ec8c0,0x00000000e4b00000)
  from space 5632K, 76% used [0x00000000e5280000,0x00000000e56ae248,0x00000000e5800000)
  to   space 6656K, 0% used [0x00000000e4b00000,0x00000000e4b00000,0x00000000e5180000)
 ParOldGen       total 30208K, used 12822K [0x00000000a0000000, 0x00000000a1d80000, 0x00000000e0000000)
  object space 30208K, 42% used [0x00000000a0000000,0x00000000a0c85838,0x00000000a1d80000)
 Metaspace       used 33341K, capacity 33978K, committed 34304K, reserved 1079296K
  class space    used 4595K, capacity 4824K, committed 4864K, reserved 1048576K
GC Heap History (10 events):
Event: 8.074 GC heap before
{Heap before GC invocations=9 (full 0):
 PSYoungGen      total 37888K, used 36509K [0x00000000e0000000, 0x00000000e2a00000, 0x0000000100000000)
  eden space 32768K, 100% used [0x00000000e0000000,0x00000000e2000000,0x00000000e2000000)
  from space 5120K, 73% used [0x00000000e2500000,0x00000000e28a7638,0x00000000e2a00000)
  to   space 5120K, 0% used [0x00000000e2000000,0x00000000e2000000,0x00000000e2500000)
 ParOldGen       total 44032K, used 6349K [0x00000000a0000000, 0x00000000a2b00000, 0x00000000e0000000)
  object space 44032K, 14% used [0x00000000a0000000,0x00000000a0633570,0x00000000a2b00000)
 Metaspace       used 19200K, capacity 19696K, committed 19968K, reserved 1067008K
  class space    used 2788K, capacity 2958K, committed 3072K, reserved 1048576K
Event: 8.086 GC heap after
Heap after GC invocations=9 (full 0):
 PSYoungGen      total 37888K, used 5077K [0x00000000e0000000, 0x00000000e3e80000, 0x0000000100000000)
  eden space 32768K, 0% used [0x00000000e0000000,0x00000000e0000000,0x00000000e2000000)
  from space 5120K, 99% used [0x00000000e2000000,0x00000000e24f5678,0x00000000e2500000)
  to   space 5632K, 0% used [0x00000000e3900000,0x00000000e3900000,0x00000000e3e80000)
 ParOldGen       total 44032K, used 7193K [0x00000000a0000000, 0x00000000a2b00000, 0x00000000e0000000)
  object space 44032K, 16% used [0x00000000a0000000,0x00000000a07065d0,0x00000000a2b00000)
 Metaspace       used 19200K, capacity 19696K, committed 19968K, reserved 1067008K
  class space    used 2788K, capacity 2958K, committed 3072K, reserved 1048576K
}
Event: 8.415 GC heap before
{Heap before GC invocations=10 (full 0):
 PSYoungGen      total 37888K, used 16095K [0x00000000e0000000, 0x00000000e3e80000, 0x0000000100000000)
  eden space 32768K, 33% used [0x00000000e0000000,0x00000000e0ac2620,0x00000000e2000000)
  from space 5120K, 99% used [0x00000000e2000000,0x00000000e24f5678,0x00000000e2500000)
  to   space 5632K, 0% used [0x00000000e3900000,0x00000000e3900000,0x00000000e3e80000)
 ParOldGen       total 44032K, used 7193K [0x00000000a0000000, 0x00000000a2b00000, 0x00000000e0000000)
  object space 44032K, 16% used [0x00000000a0000000,0x00000000a07065d0,0x00000000a2b00000)
 Metaspace       used 20710K, capacity 21142K, committed 21296K, reserved 1067008K
  class space    used 2953K, capacity 3119K, committed 3200K, reserved 1048576K
Event: 8.421 GC heap after
Heap after GC invocations=10 (full 0):
 PSYoungGen      total 58368K, used 3299K [0x00000000e0000000, 0x00000000e3e80000, 0x0000000100000000)
  eden space 52736K, 0% used [0x00000000e0000000,0x00000000e0000000,0x00000000e3380000)
  from space 5632K, 58% used [0x00000000e3900000,0x00000000e3c38e78,0x00000000e3e80000)
  to   space 5632K, 0% used [0x00000000e3380000,0x00000000e3380000,0x00000000e3900000)
 ParOldGen       total 44032K, used 8355K [0x00000000a0000000, 0x00000000a2b00000, 0x00000000e0000000)
  object space 44032K, 18% used [0x00000000a0000000,0x00000000a0828e68,0x00000000a2b00000)
 Metaspace       used 20710K, capacity 21142K, committed 21296K, reserved 1067008K
  class space    used 2953K, capacity 3119K, committed 3200K, reserved 1048576K
}
Event: 8.421 GC heap before
{Heap before GC invocations=11 (full 1):
 PSYoungGen      total 58368K, used 3299K [0x00000000e0000000, 0x00000000e3e80000, 0x0000000100000000)
  eden space 52736K, 0% used [0x00000000e0000000,0x00000000e0000000,0x00000000e3380000)
  from space 5632K, 58% used [0x00000000e3900000,0x00000000e3c38e78,0x00000000e3e80000)
  to   space 5632K, 0% used [0x00000000e3380000,0x00000000e3380000,0x00000000e3900000)
 ParOldGen       total 44032K, used 8355K [0x00000000a0000000, 0x00000000a2b00000, 0x00000000e0000000)
  object space 44032K, 18% used [0x00000000a0000000,0x00000000a0828e68,0x00000000a2b00000)
 Metaspace       used 20710K, capacity 21142K, committed 21296K, reserved 1067008K
  class space    used 2953K, capacity 3119K, committed 3200K, reserved 1048576K
Event: 8.504 GC heap after
Heap after GC invocations=11 (full 1):
 PSYoungGen      total 58368K, used 0K [0x00000000e0000000, 0x00000000e3e80000, 0x0000000100000000)
  eden space 52736K, 0% used [0x00000000e0000000,0x00000000e0000000,0x00000000e3380000)
  from space 5632K, 0% used [0x00000000e3900000,0x00000000e3900000,0x00000000e3e80000)
  to   space 5632K, 0% used [0x00000000e3380000,0x00000000e3380000,0x00000000e3900000)
 ParOldGen       total 30208K, used 8355K [0x00000000a0000000, 0x00000000a1d80000, 0x00000000e0000000)
  object space 30208K, 27% used [0x00000000a0000000,0x00000000a0828c98,0x00000000a1d80000)
 Metaspace       used 20710K, capacity 21142K, committed 21296K, reserved 1067008K
  class space    used 2953K, capacity 3119K, committed 3200K, reserved 1048576K
}
Event: 10.675 GC heap before
{Heap before GC invocations=12 (full 1):
 PSYoungGen      total 58368K, used 52736K [0x00000000e0000000, 0x00000000e3e80000, 0x0000000100000000)
  eden space 52736K, 100% used [0x00000000e0000000,0x00000000e3380000,0x00000000e3380000)
  from space 5632K, 0% used [0x00000000e3900000,0x00000000e3900000,0x00000000e3e80000)
  to   space 5632K, 0% used [0x00000000e3380000,0x00000000e3380000,0x00000000e3900000)
 ParOldGen       total 30208K, used 8355K [0x00000000a0000000, 0x00000000a1d80000, 0x00000000e0000000)
  object space 30208K, 27% used [0x00000000a0000000,0x00000000a0828c98,0x00000000a1d80000)
 Metaspace       used 27712K, capacity 28244K, committed 28544K, reserved 1073152K
  class space    used 3788K, capacity 3963K, committed 3968K, reserved 1048576K
Event: 10.690 GC heap after
Heap after GC invocations=12 (full 1):
 PSYoungGen      total 58368K, used 5617K [0x00000000e0000000, 0x00000000e5900000, 0x0000000100000000)
  eden space 52736K, 0% used [0x00000000e0000000,0x00000000e0000000,0x00000000e3380000)
  from space 5632K, 99% used [0x00000000e3380000,0x00000000e38fc488,0x00000000e3900000)
  to   space 6656K, 0% used [0x00000000e5280000,0x00000000e5280000,0x00000000e5900000)
 ParOldGen       total 30208K, used 9778K [0x00000000a0000000, 0x00000000a1d80000, 0x00000000e0000000)
  object space 30208K, 32% used [0x00000000a0000000,0x00000000a098c818,0x00000000a1d80000)
 Metaspace       used 27712K, capacity 28244K, committed 28544K, reserved 1073152K
  class space    used 3788K, capacity 3963K, committed 3968K, reserved 1048576K
}
Event: 12.867 GC heap before
{Heap before GC invocations=13 (full 1):
 PSYoungGen      total 58368K, used 58353K [0x00000000e0000000, 0x00000000e5900000, 0x0000000100000000)
  eden space 52736K, 100% used [0x00000000e0000000,0x00000000e3380000,0x00000000e3380000)
  from space 5632K, 99% used [0x00000000e3380000,0x00000000e38fc488,0x00000000e3900000)
  to   space 6656K, 0% used [0x00000000e5280000,0x00000000e5280000,0x00000000e5900000)
 ParOldGen       total 30208K, used 9778K [0x00000000a0000000, 0x00000000a1d80000, 0x00000000e0000000)
  object space 30208K, 32% used [0x00000000a0000000,0x00000000a098c818,0x00000000a1d80000)
 Metaspace       used 30877K, capacity 31406K, committed 31616K, reserved 1077248K
  class space    used 4215K, capacity 4396K, committed 4480K, reserved 1048576K
Event: 12.887 GC heap after
Heap after GC invocations=13 (full 1):
 PSYoungGen      total 82432K, used 4280K [0x00000000e0000000, 0x00000000e5800000, 0x0000000100000000)
  eden space 76800K, 0% used [0x00000000e0000000,0x00000000e0000000,0x00000000e4b00000)
  from space 5632K, 76% used [0x00000000e5280000,0x00000000e56ae248,0x00000000e5800000)
  to   space 6656K, 0% used [0x00000000e4b00000,0x00000000e4b00000,0x00000000e5180000)
 ParOldGen       total 30208K, used 12822K [0x00000000a0000000, 0x00000000a1d80000, 0x00000000e0000000)
  object space 30208K, 42% used [0x00000000a0000000,0x00000000a0c85838,0x00000000a1d80000)
 Metaspace       used 30877K, capacity 31406K, committed 31616K, reserved 1077248K
  class space    used 4215K, capacity 4396K, committed 4480K, reserved 1048576K
}

