# JRE version: OpenJDK Runtime Environment (8.0_202-b03) (build 1.8.0_202-release-1483-b03)
# Java VM: OpenJDK 64-Bit Server VM (25.202-b03 mixed mode windows-amd64 compressed oops)
Heap:
 PSYoungGen      total 402944K, used 219006K [0x00000000e0000000, 0x00000000fb400000, 0x0000000100000000)
  eden space 359424K, 54% used [0x00000000e0000000,0x00000000ec09b3e8,0x00000000f5f00000)
  from space 43520K, 50% used [0x00000000f5f00000,0x00000000f7444650,0x00000000f8980000)
  to   space 39936K, 0% used [0x00000000f8d00000,0x00000000f8d00000,0x00000000fb400000)
 ParOldGen       total 137216K, used 67840K [0x00000000a0000000, 0x00000000a8600000, 0x00000000e0000000)
  object space 137216K, 49% used [0x00000000a0000000,0x00000000a42400d0,0x00000000a8600000)
 Metaspace       used 85870K, capacity 89114K, committed 89472K, reserved 1126400K
  class space    used 10930K, capacity 11569K, committed 11648K, reserved 1048576K
GC Heap History (10 events):
Event: 123.285 GC heap before
{Heap before GC invocations=37 (full 4):
 PSYoungGen      total 367104K, used 330718K [0x00000000e0000000, 0x00000000f9680000, 0x0000000100000000)
  eden space 324096K, 100% used [0x00000000e0000000,0x00000000f3c80000,0x00000000f3c80000)
  from space 43008K, 15% used [0x00000000f6c80000,0x00000000f72f7ac0,0x00000000f9680000)
  to   space 46080K, 0% used [0x00000000f3c80000,0x00000000f3c80000,0x00000000f6980000)
 ParOldGen       total 137216K, used 67808K [0x00000000a0000000, 0x00000000a8600000, 0x00000000e0000000)
  object space 137216K, 49% used [0x00000000a0000000,0x00000000a42380d0,0x00000000a8600000)
 Metaspace       used 85515K, capacity 88608K, committed 89216K, reserved 1126400K
  class space    used 10887K, capacity 11518K, committed 11648K, reserved 1048576K
Event: 123.313 GC heap after
Heap after GC invocations=37 (full 4):
 PSYoungGen      total 370176K, used 13728K [0x00000000e0000000, 0x00000000fb880000, 0x0000000100000000)
  eden space 324096K, 0% used [0x00000000e0000000,0x00000000e0000000,0x00000000f3c80000)
  from space 46080K, 29% used [0x00000000f3c80000,0x00000000f49e8038,0x00000000f6980000)
  to   space 44544K, 0% used [0x00000000f8d00000,0x00000000f8d00000,0x00000000fb880000)
 ParOldGen       total 137216K, used 67816K [0x00000000a0000000, 0x00000000a8600000, 0x00000000e0000000)
  object space 137216K, 49% used [0x00000000a0000000,0x00000000a423a0d0,0x00000000a8600000)
 Metaspace       used 85515K, capacity 88608K, committed 89216K, reserved 1126400K
  class space    used 10887K, capacity 11518K, committed 11648K, reserved 1048576K
}
Event: 126.010 GC heap before
{Heap before GC invocations=38 (full 4):
 PSYoungGen      total 370176K, used 337824K [0x00000000e0000000, 0x00000000fb880000, 0x0000000100000000)
  eden space 324096K, 100% used [0x00000000e0000000,0x00000000f3c80000,0x00000000f3c80000)
  from space 46080K, 29% used [0x00000000f3c80000,0x00000000f49e8038,0x00000000f6980000)
  to   space 44544K, 0% used [0x00000000f8d00000,0x00000000f8d00000,0x00000000fb880000)
 ParOldGen       total 137216K, used 67816K [0x00000000a0000000, 0x00000000a8600000, 0x00000000e0000000)
  object space 137216K, 49% used [0x00000000a0000000,0x00000000a423a0d0,0x00000000a8600000)
 Metaspace       used 85541K, capacity 88676K, committed 89216K, reserved 1126400K
  class space    used 10887K, capacity 11518K, committed 11648K, reserved 1048576K
Event: 126.039 GC heap after
Heap after GC invocations=38 (full 4):
 PSYoungGen      total 399360K, used 11814K [0x00000000e0000000, 0x00000000fb400000, 0x0000000100000000)
  eden space 359424K, 0% used [0x00000000e0000000,0x00000000e0000000,0x00000000f5f00000)
  from space 39936K, 29% used [0x00000000f8d00000,0x00000000f9889948,0x00000000fb400000)
  to   space 43520K, 0% used [0x00000000f5f00000,0x00000000f5f00000,0x00000000f8980000)
 ParOldGen       total 137216K, used 67824K [0x00000000a0000000, 0x00000000a8600000, 0x00000000e0000000)
  object space 137216K, 49% used [0x00000000a0000000,0x00000000a423c0d0,0x00000000a8600000)
 Metaspace       used 85541K, capacity 88676K, committed 89216K, reserved 1126400K
  class space    used 10887K, capacity 11518K, committed 11648K, reserved 1048576K
}
Event: 128.472 GC heap before
{Heap before GC invocations=39 (full 4):
 PSYoungGen      total 399360K, used 371238K [0x00000000e0000000, 0x00000000fb400000, 0x0000000100000000)
  eden space 359424K, 100% used [0x00000000e0000000,0x00000000f5f00000,0x00000000f5f00000)
  from space 39936K, 29% used [0x00000000f8d00000,0x00000000f9889948,0x00000000fb400000)
  to   space 43520K, 0% used [0x00000000f5f00000,0x00000000f5f00000,0x00000000f8980000)
 ParOldGen       total 137216K, used 67824K [0x00000000a0000000, 0x00000000a8600000, 0x00000000e0000000)
  object space 137216K, 49% used [0x00000000a0000000,0x00000000a423c0d0,0x00000000a8600000)
 Metaspace       used 85550K, capacity 88676K, committed 89216K, reserved 1126400K
  class space    used 10887K, capacity 11518K, committed 11648K, reserved 1048576K
Event: 128.573 GC heap after
Heap after GC invocations=39 (full 4):
 PSYoungGen      total 402944K, used 31180K [0x00000000e0000000, 0x00000000fb400000, 0x0000000100000000)
  eden space 359424K, 0% used [0x00000000e0000000,0x00000000e0000000,0x00000000f5f00000)
  from space 43520K, 71% used [0x00000000f5f00000,0x00000000f7d733a0,0x00000000f8980000)
  to   space 39936K, 0% used [0x00000000f8d00000,0x00000000f8d00000,0x00000000fb400000)
 ParOldGen       total 137216K, used 67824K [0x00000000a0000000, 0x00000000a8600000, 0x00000000e0000000)
  object space 137216K, 49% used [0x00000000a0000000,0x00000000a423c0d0,0x00000000a8600000)
 Metaspace       used 85550K, capacity 88676K, committed 89216K, reserved 1126400K
  class space    used 10887K, capacity 11518K, committed 11648K, reserved 1048576K
}
Event: 131.997 GC heap before
{Heap before GC invocations=40 (full 4):
 PSYoungGen      total 402944K, used 390604K [0x00000000e0000000, 0x00000000fb400000, 0x0000000100000000)
  eden space 359424K, 100% used [0x00000000e0000000,0x00000000f5f00000,0x00000000f5f00000)
  from space 43520K, 71% used [0x00000000f5f00000,0x00000000f7d733a0,0x00000000f8980000)
  to   space 39936K, 0% used [0x00000000f8d00000,0x00000000f8d00000,0x00000000fb400000)
 ParOldGen       total 137216K, used 67824K [0x00000000a0000000, 0x00000000a8600000, 0x00000000e0000000)
  object space 137216K, 49% used [0x00000000a0000000,0x00000000a423c0d0,0x00000000a8600000)
 Metaspace       used 85558K, capacity 88680K, committed 89216K, reserved 1126400K
  class space    used 10888K, capacity 11518K, committed 11648K, reserved 1048576K
Event: 132.208 GC heap after
Heap after GC invocations=40 (full 4):
 PSYoungGen      total 399360K, used 26807K [0x00000000e0000000, 0x00000000fb400000, 0x0000000100000000)
  eden space 359424K, 0% used [0x00000000e0000000,0x00000000e0000000,0x00000000f5f00000)
  from space 39936K, 67% used [0x00000000f8d00000,0x00000000fa72dc50,0x00000000fb400000)
  to   space 43520K, 0% used [0x00000000f5f00000,0x00000000f5f00000,0x00000000f8980000)
 ParOldGen       total 137216K, used 67832K [0x00000000a0000000, 0x00000000a8600000, 0x00000000e0000000)
  object space 137216K, 49% used [0x00000000a0000000,0x00000000a423e0d0,0x00000000a8600000)
 Metaspace       used 85558K, capacity 88680K, committed 89216K, reserved 1126400K
  class space    used 10888K, capacity 11518K, committed 11648K, reserved 1048576K
}
Event: 137.368 GC heap before
{Heap before GC invocations=41 (full 4):
 PSYoungGen      total 399360K, used 386231K [0x00000000e0000000, 0x00000000fb400000, 0x0000000100000000)
  eden space 359424K, 100% used [0x00000000e0000000,0x00000000f5f00000,0x00000000f5f00000)
  from space 39936K, 67% used [0x00000000f8d00000,0x00000000fa72dc50,0x00000000fb400000)
  to   space 43520K, 0% used [0x00000000f5f00000,0x00000000f5f00000,0x00000000f8980000)
 ParOldGen       total 137216K, used 67832K [0x00000000a0000000, 0x00000000a8600000, 0x00000000e0000000)
  object space 137216K, 49% used [0x00000000a0000000,0x00000000a423e0d0,0x00000000a8600000)
 Metaspace       used 85633K, capacity 88816K, committed 89472K, reserved 1126400K
  class space    used 10898K, capacity 11520K, committed 11648K, reserved 1048576K
Event: 137.449 GC heap after
Heap after GC invocations=41 (full 4):
 PSYoungGen      total 402944K, used 21777K [0x00000000e0000000, 0x00000000fb400000, 0x0000000100000000)
  eden space 359424K, 0% used [0x00000000e0000000,0x00000000e0000000,0x00000000f5f00000)
  from space 43520K, 50% used [0x00000000f5f00000,0x00000000f7444650,0x00000000f8980000)
  to   space 39936K, 0% used [0x00000000f8d00000,0x00000000f8d00000,0x00000000fb400000)
 ParOldGen       total 137216K, used 67840K [0x00000000a0000000, 0x00000000a8600000, 0x00000000e0000000)
  object space 137216K, 49% used [0x00000000a0000000,0x00000000a42400d0,0x00000000a8600000)
 Metaspace       used 85633K, capacity 88816K, committed 89472K, reserved 1126400K
  class space    used 10898K, capacity 11520K, committed 11648K, reserved 1048576K
}

